<?xml version="1.0" encoding="UTF-8"?>
<!-- Generated by org.testng.reporters.JUnitXMLReporter -->
<testsuite ignored="1" hostname="GuruVardhanReddy" failures="0" tests="1" name="Default test" time="0.066" errors="0" timestamp="2020-12-03T18:33:27 IST">
  <testcase classname="qaclicksacademy.AppTest" name="personalMobile" time="0.013"/>
  <testcase classname="qaclicksacademy.AppTest" name="personalMobileExclude" time="0.0">
    <ignored/>
  </testcase> <!-- personalMobileExclude -->
</testsuite> <!-- Default test -->
