<?xml version="1.0" encoding="UTF-8"?>
<!-- Generated by org.testng.reporters.JUnitXMLReporter -->
<testsuite ignored="0" hostname="GuruVardhanReddy" failures="0" tests="4" name="Command line test" time="0.094" errors="0" timestamp="2020-12-16T12:04:15 IST">
  <testcase classname="qaclicksacademy.AppTest" name="personalMobile" time="0.0"/>
  <testcase classname="qaclicksacademy.AppTest" name="personalMobileExclude" time="0.0"/>
  <testcase classname="qaclicksacademy.SeleniumTest" name="Mobile" time="0.0"/>
  <testcase classname="qaclicksacademy.SeleniumTest" name="MobileExclude" time="0.0"/>
</testsuite> <!-- Command line test -->
