<?xml version="1.0" encoding="UTF-8"?>
<testng-results ignored="0" total="4" passed="4" failed="0" skipped="0">
  <reporter-output>
  </reporter-output>
  <suite started-at="2020-12-16T12:04:15 IST" name="Command line suite" finished-at="2020-12-16T12:04:15 IST" duration-ms="94">
    <groups>
    </groups>
    <test started-at="2020-12-16T12:04:15 IST" name="Command line test" finished-at="2020-12-16T12:04:15 IST" duration-ms="94">
      <class name="qaclicksacademy.AppTest">
        <test-method signature="personalMobile()[pri:0, instance:qaclicksacademy.AppTest@6c9f5c0d]" started-at="2020-12-16T12:04:15 IST" name="personalMobile" finished-at="2020-12-16T12:04:15 IST" duration-ms="0" status="PASS">
          <reporter-output>
          </reporter-output>
        </test-method> <!-- personalMobile -->
        <test-method signature="personalMobileExclude()[pri:0, instance:qaclicksacademy.AppTest@6c9f5c0d]" started-at="2020-12-16T12:04:15 IST" name="personalMobileExclude" finished-at="2020-12-16T12:04:15 IST" duration-ms="0" status="PASS">
          <reporter-output>
          </reporter-output>
        </test-method> <!-- personalMobileExclude -->
      </class> <!-- qaclicksacademy.AppTest -->
      <class name="qaclicksacademy.SeleniumTest">
        <test-method signature="Mobile()[pri:0, instance:qaclicksacademy.SeleniumTest@de3a06f]" started-at="2020-12-16T12:04:15 IST" name="Mobile" finished-at="2020-12-16T12:04:15 IST" duration-ms="0" status="PASS">
          <reporter-output>
          </reporter-output>
        </test-method> <!-- Mobile -->
        <test-method signature="MobileExclude()[pri:0, instance:qaclicksacademy.SeleniumTest@de3a06f]" started-at="2020-12-16T12:04:15 IST" name="MobileExclude" finished-at="2020-12-16T12:04:15 IST" duration-ms="0" status="PASS">
          <reporter-output>
          </reporter-output>
        </test-method> <!-- MobileExclude -->
      </class> <!-- qaclicksacademy.SeleniumTest -->
    </test> <!-- Command line test -->
  </suite> <!-- Command line suite -->
</testng-results>
